{"/Users/wahidnurhisyam/Icam project/IP-RMT68/server/controllers/authController.js": {"path":"/Users/wahidnurhisyam/Icam project/IP-RMT68/server/controllers/authController.js","statementMap":{"0":{"start":{"line":1,"column":12},"end":{"line":1,"column":35}},"1":{"start":{"line":2,"column":15},"end":{"line":2,"column":34}},"2":{"start":{"line":3,"column":17},"end":{"line":3,"column":37}},"3":{"start":{"line":5,"column":17},"end":{"line":41,"column":1}},"4":{"start":{"line":6,"column":2},"end":{"line":40,"column":3}},"5":{"start":{"line":7,"column":42},"end":{"line":7,"column":50}},"6":{"start":{"line":9,"column":25},"end":{"line":9,"column":65}},"7":{"start":{"line":10,"column":4},"end":{"line":12,"column":5}},"8":{"start":{"line":11,"column":6},"end":{"line":11,"column":71}},"9":{"start":{"line":15,"column":20},"end":{"line":19,"column":6}},"10":{"start":{"line":21,"column":18},"end":{"line":25,"column":5}},"11":{"start":{"line":27,"column":4},"end":{"line":36,"column":7}},"12":{"start":{"line":38,"column":4},"end":{"line":38,"column":25}},"13":{"start":{"line":39,"column":4},"end":{"line":39,"column":63}},"14":{"start":{"line":43,"column":14},"end":{"line":77,"column":1}},"15":{"start":{"line":44,"column":2},"end":{"line":76,"column":3}},"16":{"start":{"line":45,"column":32},"end":{"line":45,"column":40}},"17":{"start":{"line":47,"column":17},"end":{"line":47,"column":57}},"18":{"start":{"line":48,"column":4},"end":{"line":50,"column":5}},"19":{"start":{"line":49,"column":6},"end":{"line":49,"column":70}},"20":{"start":{"line":53,"column":4},"end":{"line":55,"column":5}},"21":{"start":{"line":54,"column":6},"end":{"line":54,"column":70}},"22":{"start":{"line":57,"column":18},"end":{"line":61,"column":5}},"23":{"start":{"line":63,"column":4},"end":{"line":72,"column":7}},"24":{"start":{"line":74,"column":4},"end":{"line":74,"column":25}},"25":{"start":{"line":75,"column":4},"end":{"line":75,"column":63}},"26":{"start":{"line":79,"column":0},"end":{"line":79,"column":37}}},"fnMap":{"0":{"name":"(anonymous_0)","decl":{"start":{"line":5,"column":17},"end":{"line":5,"column":18}},"loc":{"start":{"line":5,"column":37},"end":{"line":41,"column":1}},"line":5},"1":{"name":"(anonymous_1)","decl":{"start":{"line":43,"column":14},"end":{"line":43,"column":15}},"loc":{"start":{"line":43,"column":34},"end":{"line":77,"column":1}},"line":43}},"branchMap":{"0":{"loc":{"start":{"line":10,"column":4},"end":{"line":12,"column":5}},"type":"if","locations":[{"start":{"line":10,"column":4},"end":{"line":12,"column":5}},{"start":{},"end":{}}],"line":10},"1":{"loc":{"start":{"line":48,"column":4},"end":{"line":50,"column":5}},"type":"if","locations":[{"start":{"line":48,"column":4},"end":{"line":50,"column":5}},{"start":{},"end":{}}],"line":48},"2":{"loc":{"start":{"line":53,"column":4},"end":{"line":55,"column":5}},"type":"if","locations":[{"start":{"line":53,"column":4},"end":{"line":55,"column":5}},{"start":{},"end":{}}],"line":53}},"s":{"0":3,"1":3,"2":3,"3":3,"4":8,"5":8,"6":8,"7":8,"8":1,"9":7,"10":7,"11":7,"12":0,"13":0,"14":3,"15":14,"16":14,"17":14,"18":14,"19":1,"20":13,"21":1,"22":12,"23":12,"24":0,"25":0,"26":3},"f":{"0":8,"1":14},"b":{"0":[1,7],"1":[1,13],"2":[1,12]},"_coverageSchema":"1a1c01bbd47fc00a2c39e90264f33305004495a9","hash":"66ac97fc1d073be022f82b2bec309aa28e842377"}
,"/Users/wahidnurhisyam/Icam project/IP-RMT68/server/controllers/interviewController.js": {"path":"/Users/wahidnurhisyam/Icam project/IP-RMT68/server/controllers/interviewController.js","statementMap":{"0":{"start":{"line":1,"column":35},"end":{"line":1,"column":55}},"1":{"start":{"line":5,"column":4},"end":{"line":5,"column":36}},"2":{"start":{"line":7,"column":21},"end":{"line":38,"column":1}},"3":{"start":{"line":8,"column":2},"end":{"line":37,"column":3}},"4":{"start":{"line":9,"column":17},"end":{"line":9,"column":49}},"5":{"start":{"line":10,"column":4},"end":{"line":10,"column":51}},"6":{"start":{"line":12,"column":4},"end":{"line":22,"column":5}},"7":{"start":{"line":13,"column":27},"end":{"line":15,"column":8}},"8":{"start":{"line":16,"column":6},"end":{"line":21,"column":7}},"9":{"start":{"line":17,"column":8},"end":{"line":20,"column":11}},"10":{"start":{"line":24,"column":43},"end":{"line":24,"column":51}},"11":{"start":{"line":25,"column":20},"end":{"line":31,"column":6}},"12":{"start":{"line":33,"column":4},"end":{"line":33,"column":34}},"13":{"start":{"line":35,"column":4},"end":{"line":35,"column":25}},"14":{"start":{"line":36,"column":4},"end":{"line":36,"column":64}},"15":{"start":{"line":40,"column":13},"end":{"line":94,"column":1}},"16":{"start":{"line":41,"column":2},"end":{"line":93,"column":3}},"17":{"start":{"line":42,"column":35},"end":{"line":42,"column":43}},"18":{"start":{"line":44,"column":4},"end":{"line":46,"column":5}},"19":{"start":{"line":45,"column":6},"end":{"line":45,"column":74}},"20":{"start":{"line":48,"column":20},"end":{"line":48,"column":62}},"21":{"start":{"line":50,"column":4},"end":{"line":52,"column":5}},"22":{"start":{"line":51,"column":6},"end":{"line":51,"column":68}},"23":{"start":{"line":54,"column":4},"end":{"line":56,"column":5}},"24":{"start":{"line":55,"column":6},"end":{"line":55,"column":63}},"25":{"start":{"line":58,"column":18},"end":{"line":58,"column":49}},"26":{"start":{"line":61,"column":4},"end":{"line":61,"column":53}},"27":{"start":{"line":64,"column":23},"end":{"line":69,"column":5}},"28":{"start":{"line":72,"column":6},"end":{"line":72,"column":69}},"29":{"start":{"line":76,"column":4},"end":{"line":80,"column":7}},"30":{"start":{"line":83,"column":4},"end":{"line":83,"column":50}},"31":{"start":{"line":84,"column":4},"end":{"line":84,"column":25}},"32":{"start":{"line":86,"column":4},"end":{"line":89,"column":7}},"33":{"start":{"line":91,"column":4},"end":{"line":91,"column":25}},"34":{"start":{"line":92,"column":4},"end":{"line":92,"column":55}},"35":{"start":{"line":96,"column":19},"end":{"line":114,"column":1}},"36":{"start":{"line":97,"column":2},"end":{"line":113,"column":3}},"37":{"start":{"line":98,"column":26},"end":{"line":98,"column":36}},"38":{"start":{"line":99,"column":20},"end":{"line":99,"column":62}},"39":{"start":{"line":101,"column":4},"end":{"line":103,"column":5}},"40":{"start":{"line":102,"column":6},"end":{"line":102,"column":68}},"41":{"start":{"line":105,"column":4},"end":{"line":107,"column":5}},"42":{"start":{"line":106,"column":6},"end":{"line":106,"column":63}},"43":{"start":{"line":109,"column":4},"end":{"line":109,"column":22}},"44":{"start":{"line":111,"column":4},"end":{"line":111,"column":25}},"45":{"start":{"line":112,"column":4},"end":{"line":112,"column":64}},"46":{"start":{"line":116,"column":19},"end":{"line":164,"column":1}},"47":{"start":{"line":117,"column":2},"end":{"line":163,"column":3}},"48":{"start":{"line":118,"column":26},"end":{"line":118,"column":34}},"49":{"start":{"line":119,"column":20},"end":{"line":119,"column":62}},"50":{"start":{"line":121,"column":4},"end":{"line":123,"column":5}},"51":{"start":{"line":122,"column":6},"end":{"line":122,"column":68}},"52":{"start":{"line":125,"column":4},"end":{"line":127,"column":5}},"53":{"start":{"line":126,"column":6},"end":{"line":126,"column":63}},"54":{"start":{"line":130,"column":20},"end":{"line":130,"column":51}},"55":{"start":{"line":133,"column":25},"end":{"line":137,"column":5}},"56":{"start":{"line":138,"column":25},"end":{"line":142,"column":5}},"57":{"start":{"line":146,"column":6},"end":{"line":148,"column":43}},"58":{"start":{"line":150,"column":19},"end":{"line":151,"column":63}},"59":{"start":{"line":151,"column":6},"end":{"line":151,"column":63}},"60":{"start":{"line":153,"column":4},"end":{"line":153,"column":30}},"61":{"start":{"line":154,"column":4},"end":{"line":154,"column":53}},"62":{"start":{"line":155,"column":4},"end":{"line":155,"column":56}},"63":{"start":{"line":156,"column":4},"end":{"line":156,"column":56}},"64":{"start":{"line":157,"column":4},"end":{"line":157,"column":25}},"65":{"start":{"line":159,"column":4},"end":{"line":159,"column":22}},"66":{"start":{"line":161,"column":4},"end":{"line":161,"column":25}},"67":{"start":{"line":162,"column":4},"end":{"line":162,"column":62}},"68":{"start":{"line":166,"column":0},"end":{"line":166,"column":64}}},"fnMap":{"0":{"name":"(anonymous_0)","decl":{"start":{"line":7,"column":21},"end":{"line":7,"column":22}},"loc":{"start":{"line":7,"column":41},"end":{"line":38,"column":1}},"line":7},"1":{"name":"(anonymous_1)","decl":{"start":{"line":40,"column":13},"end":{"line":40,"column":14}},"loc":{"start":{"line":40,"column":33},"end":{"line":94,"column":1}},"line":40},"2":{"name":"(anonymous_2)","decl":{"start":{"line":96,"column":19},"end":{"line":96,"column":20}},"loc":{"start":{"line":96,"column":39},"end":{"line":114,"column":1}},"line":96},"3":{"name":"(anonymous_3)","decl":{"start":{"line":116,"column":19},"end":{"line":116,"column":20}},"loc":{"start":{"line":116,"column":39},"end":{"line":164,"column":1}},"line":116},"4":{"name":"(anonymous_4)","decl":{"start":{"line":150,"column":19},"end":{"line":150,"column":20}},"loc":{"start":{"line":151,"column":6},"end":{"line":151,"column":63}},"line":151}},"branchMap":{"0":{"loc":{"start":{"line":12,"column":4},"end":{"line":22,"column":5}},"type":"if","locations":[{"start":{"line":12,"column":4},"end":{"line":22,"column":5}},{"start":{},"end":{}}],"line":12},"1":{"loc":{"start":{"line":16,"column":6},"end":{"line":21,"column":7}},"type":"if","locations":[{"start":{"line":16,"column":6},"end":{"line":21,"column":7}},{"start":{},"end":{}}],"line":16},"2":{"loc":{"start":{"line":27,"column":12},"end":{"line":27,"column":47}},"type":"binary-expr","locations":[{"start":{"line":27,"column":12},"end":{"line":27,"column":16}},{"start":{"line":27,"column":20},"end":{"line":27,"column":47}}],"line":27},"3":{"loc":{"start":{"line":28,"column":18},"end":{"line":28,"column":40}},"type":"binary-expr","locations":[{"start":{"line":28,"column":18},"end":{"line":28,"column":28}},{"start":{"line":28,"column":32},"end":{"line":28,"column":40}}],"line":28},"4":{"loc":{"start":{"line":29,"column":16},"end":{"line":29,"column":37}},"type":"binary-expr","locations":[{"start":{"line":29,"column":16},"end":{"line":29,"column":24}},{"start":{"line":29,"column":28},"end":{"line":29,"column":37}}],"line":29},"5":{"loc":{"start":{"line":44,"column":4},"end":{"line":46,"column":5}},"type":"if","locations":[{"start":{"line":44,"column":4},"end":{"line":46,"column":5}},{"start":{},"end":{}}],"line":44},"6":{"loc":{"start":{"line":44,"column":8},"end":{"line":44,"column":35}},"type":"binary-expr","locations":[{"start":{"line":44,"column":8},"end":{"line":44,"column":16}},{"start":{"line":44,"column":20},"end":{"line":44,"column":35}}],"line":44},"7":{"loc":{"start":{"line":50,"column":4},"end":{"line":52,"column":5}},"type":"if","locations":[{"start":{"line":50,"column":4},"end":{"line":52,"column":5}},{"start":{},"end":{}}],"line":50},"8":{"loc":{"start":{"line":54,"column":4},"end":{"line":56,"column":5}},"type":"if","locations":[{"start":{"line":54,"column":4},"end":{"line":56,"column":5}},{"start":{},"end":{}}],"line":54},"9":{"loc":{"start":{"line":72,"column":6},"end":{"line":72,"column":69}},"type":"binary-expr","locations":[{"start":{"line":72,"column":6},"end":{"line":72,"column":24}},{"start":{"line":72,"column":28},"end":{"line":72,"column":69}}],"line":72},"10":{"loc":{"start":{"line":101,"column":4},"end":{"line":103,"column":5}},"type":"if","locations":[{"start":{"line":101,"column":4},"end":{"line":103,"column":5}},{"start":{},"end":{}}],"line":101},"11":{"loc":{"start":{"line":105,"column":4},"end":{"line":107,"column":5}},"type":"if","locations":[{"start":{"line":105,"column":4},"end":{"line":107,"column":5}},{"start":{},"end":{}}],"line":105},"12":{"loc":{"start":{"line":121,"column":4},"end":{"line":123,"column":5}},"type":"if","locations":[{"start":{"line":121,"column":4},"end":{"line":123,"column":5}},{"start":{},"end":{}}],"line":121},"13":{"loc":{"start":{"line":125,"column":4},"end":{"line":127,"column":5}},"type":"if","locations":[{"start":{"line":125,"column":4},"end":{"line":127,"column":5}},{"start":{},"end":{}}],"line":125},"14":{"loc":{"start":{"line":146,"column":6},"end":{"line":148,"column":43}},"type":"cond-expr","locations":[{"start":{"line":147,"column":10},"end":{"line":147,"column":28}},{"start":{"line":148,"column":10},"end":{"line":148,"column":43}}],"line":146},"15":{"loc":{"start":{"line":148,"column":10},"end":{"line":148,"column":43}},"type":"binary-expr","locations":[{"start":{"line":148,"column":10},"end":{"line":148,"column":38}},{"start":{"line":148,"column":42},"end":{"line":148,"column":43}}],"line":148},"16":{"loc":{"start":{"line":151,"column":6},"end":{"line":151,"column":63}},"type":"cond-expr","locations":[{"start":{"line":151,"column":32},"end":{"line":151,"column":35}},{"start":{"line":151,"column":38},"end":{"line":151,"column":63}}],"line":151},"17":{"loc":{"start":{"line":151,"column":53},"end":{"line":151,"column":62}},"type":"binary-expr","locations":[{"start":{"line":151,"column":53},"end":{"line":151,"column":56}},{"start":{"line":151,"column":60},"end":{"line":151,"column":62}}],"line":151}},"s":{"0":3,"1":3,"2":3,"3":2,"4":2,"5":2,"6":2,"7":0,"8":0,"9":0,"10":2,"11":2,"12":2,"13":0,"14":0,"15":3,"16":0,"17":0,"18":0,"19":0,"20":0,"21":0,"22":0,"23":0,"24":0,"25":0,"26":0,"27":0,"28":0,"29":0,"30":0,"31":0,"32":0,"33":0,"34":0,"35":3,"36":0,"37":0,"38":0,"39":0,"40":0,"41":0,"42":0,"43":0,"44":0,"45":0,"46":3,"47":1,"48":1,"49":1,"50":1,"51":1,"52":0,"53":0,"54":0,"55":0,"56":0,"57":0,"58":0,"59":0,"60":0,"61":0,"62":0,"63":0,"64":0,"65":0,"66":0,"67":0,"68":3},"f":{"0":2,"1":0,"2":0,"3":1,"4":0},"b":{"0":[0,2],"1":[0,0],"2":[2,0],"3":[2,0],"4":[2,0],"5":[0,0],"6":[0,0],"7":[0,0],"8":[0,0],"9":[0,0],"10":[0,0],"11":[0,0],"12":[1,0],"13":[0,0],"14":[0,0],"15":[0,0],"16":[0,0],"17":[0,0]},"_coverageSchema":"1a1c01bbd47fc00a2c39e90264f33305004495a9","hash":"583e8f6c5d8194fdcf49ac9133862dfa2b403b49"}
,"/Users/wahidnurhisyam/Icam project/IP-RMT68/server/controllers/paymentController.js": {"path":"/Users/wahidnurhisyam/Icam project/IP-RMT68/server/controllers/paymentController.js","statementMap":{"0":{"start":{"line":1,"column":23},"end":{"line":1,"column":49}},"1":{"start":{"line":2,"column":30},"end":{"line":2,"column":50}},"2":{"start":{"line":4,"column":13},"end":{"line":8,"column":2}},"3":{"start":{"line":10,"column":24},"end":{"line":63,"column":1}},"4":{"start":{"line":11,"column":2},"end":{"line":62,"column":3}},"5":{"start":{"line":12,"column":19},"end":{"line":12,"column":30}},"6":{"start":{"line":13,"column":17},"end":{"line":13,"column":44}},"7":{"start":{"line":16,"column":20},"end":{"line":16,"column":51}},"8":{"start":{"line":17,"column":19},"end":{"line":17,"column":24}},"9":{"start":{"line":19,"column":22},"end":{"line":44,"column":5}},"10":{"start":{"line":46,"column":24},"end":{"line":46,"column":63}},"11":{"start":{"line":48,"column":4},"end":{"line":54,"column":7}},"12":{"start":{"line":56,"column":4},"end":{"line":59,"column":7}},"13":{"start":{"line":61,"column":4},"end":{"line":61,"column":16}},"14":{"start":{"line":65,"column":27},"end":{"line":115,"column":1}},"15":{"start":{"line":66,"column":2},"end":{"line":114,"column":3}},"16":{"start":{"line":67,"column":27},"end":{"line":67,"column":35}},"17":{"start":{"line":68,"column":20},"end":{"line":68,"column":43}},"18":{"start":{"line":69,"column":30},"end":{"line":69,"column":63}},"19":{"start":{"line":71,"column":24},"end":{"line":71,"column":51}},"20":{"start":{"line":73,"column":24},"end":{"line":73,"column":73}},"21":{"start":{"line":75,"column":4},"end":{"line":76,"column":72}},"22":{"start":{"line":76,"column":6},"end":{"line":76,"column":72}},"23":{"start":{"line":78,"column":20},"end":{"line":78,"column":29}},"24":{"start":{"line":80,"column":4},"end":{"line":96,"column":5}},"25":{"start":{"line":81,"column":6},"end":{"line":85,"column":7}},"26":{"start":{"line":82,"column":8},"end":{"line":82,"column":32}},"27":{"start":{"line":83,"column":13},"end":{"line":85,"column":7}},"28":{"start":{"line":84,"column":8},"end":{"line":84,"column":30}},"29":{"start":{"line":86,"column":11},"end":{"line":96,"column":5}},"30":{"start":{"line":87,"column":6},"end":{"line":87,"column":28}},"31":{"start":{"line":88,"column":11},"end":{"line":96,"column":5}},"32":{"start":{"line":93,"column":6},"end":{"line":93,"column":27}},"33":{"start":{"line":94,"column":11},"end":{"line":96,"column":5}},"34":{"start":{"line":95,"column":6},"end":{"line":95,"column":28}},"35":{"start":{"line":99,"column":4},"end":{"line":99,"column":35}},"36":{"start":{"line":100,"column":4},"end":{"line":100,"column":29}},"37":{"start":{"line":103,"column":4},"end":{"line":109,"column":5}},"38":{"start":{"line":104,"column":19},"end":{"line":104,"column":58}},"39":{"start":{"line":105,"column":6},"end":{"line":108,"column":7}},"40":{"start":{"line":106,"column":8},"end":{"line":106,"column":26}},"41":{"start":{"line":107,"column":8},"end":{"line":107,"column":26}},"42":{"start":{"line":111,"column":4},"end":{"line":111,"column":31}},"43":{"start":{"line":113,"column":4},"end":{"line":113,"column":16}},"44":{"start":{"line":118,"column":23},"end":{"line":182,"column":1}},"45":{"start":{"line":119,"column":2},"end":{"line":181,"column":3}},"46":{"start":{"line":120,"column":24},"end":{"line":120,"column":32}},"47":{"start":{"line":121,"column":4},"end":{"line":123,"column":5}},"48":{"start":{"line":122,"column":6},"end":{"line":122,"column":70}},"49":{"start":{"line":126,"column":24},"end":{"line":126,"column":73}},"50":{"start":{"line":127,"column":4},"end":{"line":129,"column":5}},"51":{"start":{"line":128,"column":6},"end":{"line":128,"column":72}},"52":{"start":{"line":133,"column":4},"end":{"line":140,"column":5}},"53":{"start":{"line":134,"column":6},"end":{"line":134,"column":62}},"54":{"start":{"line":136,"column":6},"end":{"line":136,"column":58}},"55":{"start":{"line":137,"column":6},"end":{"line":139,"column":62}},"56":{"start":{"line":142,"column":30},"end":{"line":142,"column":63}},"57":{"start":{"line":143,"column":24},"end":{"line":143,"column":51}},"58":{"start":{"line":145,"column":20},"end":{"line":145,"column":29}},"59":{"start":{"line":147,"column":4},"end":{"line":163,"column":5}},"60":{"start":{"line":148,"column":6},"end":{"line":152,"column":7}},"61":{"start":{"line":149,"column":8},"end":{"line":149,"column":32}},"62":{"start":{"line":150,"column":13},"end":{"line":152,"column":7}},"63":{"start":{"line":151,"column":8},"end":{"line":151,"column":30}},"64":{"start":{"line":153,"column":11},"end":{"line":163,"column":5}},"65":{"start":{"line":154,"column":6},"end":{"line":154,"column":28}},"66":{"start":{"line":155,"column":11},"end":{"line":163,"column":5}},"67":{"start":{"line":160,"column":6},"end":{"line":160,"column":27}},"68":{"start":{"line":161,"column":11},"end":{"line":163,"column":5}},"69":{"start":{"line":162,"column":6},"end":{"line":162,"column":28}},"70":{"start":{"line":166,"column":4},"end":{"line":166,"column":35}},"71":{"start":{"line":167,"column":4},"end":{"line":167,"column":29}},"72":{"start":{"line":170,"column":4},"end":{"line":176,"column":5}},"73":{"start":{"line":171,"column":19},"end":{"line":171,"column":58}},"74":{"start":{"line":172,"column":6},"end":{"line":175,"column":7}},"75":{"start":{"line":173,"column":8},"end":{"line":173,"column":26}},"76":{"start":{"line":174,"column":8},"end":{"line":174,"column":26}},"77":{"start":{"line":178,"column":4},"end":{"line":178,"column":43}},"78":{"start":{"line":180,"column":4},"end":{"line":180,"column":16}},"79":{"start":{"line":184,"column":0},"end":{"line":188,"column":2}}},"fnMap":{"0":{"name":"(anonymous_0)","decl":{"start":{"line":10,"column":24},"end":{"line":10,"column":25}},"loc":{"start":{"line":10,"column":50},"end":{"line":63,"column":1}},"line":10},"1":{"name":"(anonymous_1)","decl":{"start":{"line":65,"column":27},"end":{"line":65,"column":28}},"loc":{"start":{"line":65,"column":53},"end":{"line":115,"column":1}},"line":65},"2":{"name":"(anonymous_2)","decl":{"start":{"line":118,"column":23},"end":{"line":118,"column":24}},"loc":{"start":{"line":118,"column":49},"end":{"line":182,"column":1}},"line":118}},"branchMap":{"0":{"loc":{"start":{"line":25,"column":20},"end":{"line":25,"column":56}},"type":"binary-expr","locations":[{"start":{"line":25,"column":20},"end":{"line":25,"column":29}},{"start":{"line":25,"column":33},"end":{"line":25,"column":46}},{"start":{"line":25,"column":50},"end":{"line":25,"column":56}}],"line":25},"1":{"loc":{"start":{"line":75,"column":4},"end":{"line":76,"column":72}},"type":"if","locations":[{"start":{"line":75,"column":4},"end":{"line":76,"column":72}},{"start":{},"end":{}}],"line":75},"2":{"loc":{"start":{"line":80,"column":4},"end":{"line":96,"column":5}},"type":"if","locations":[{"start":{"line":80,"column":4},"end":{"line":96,"column":5}},{"start":{"line":86,"column":11},"end":{"line":96,"column":5}}],"line":80},"3":{"loc":{"start":{"line":81,"column":6},"end":{"line":85,"column":7}},"type":"if","locations":[{"start":{"line":81,"column":6},"end":{"line":85,"column":7}},{"start":{"line":83,"column":13},"end":{"line":85,"column":7}}],"line":81},"4":{"loc":{"start":{"line":83,"column":13},"end":{"line":85,"column":7}},"type":"if","locations":[{"start":{"line":83,"column":13},"end":{"line":85,"column":7}},{"start":{},"end":{}}],"line":83},"5":{"loc":{"start":{"line":86,"column":11},"end":{"line":96,"column":5}},"type":"if","locations":[{"start":{"line":86,"column":11},"end":{"line":96,"column":5}},{"start":{"line":88,"column":11},"end":{"line":96,"column":5}}],"line":86},"6":{"loc":{"start":{"line":88,"column":11},"end":{"line":96,"column":5}},"type":"if","locations":[{"start":{"line":88,"column":11},"end":{"line":96,"column":5}},{"start":{"line":94,"column":11},"end":{"line":96,"column":5}}],"line":88},"7":{"loc":{"start":{"line":89,"column":6},"end":{"line":91,"column":35}},"type":"binary-expr","locations":[{"start":{"line":89,"column":6},"end":{"line":89,"column":35}},{"start":{"line":90,"column":6},"end":{"line":90,"column":33}},{"start":{"line":91,"column":6},"end":{"line":91,"column":35}}],"line":89},"8":{"loc":{"start":{"line":94,"column":11},"end":{"line":96,"column":5}},"type":"if","locations":[{"start":{"line":94,"column":11},"end":{"line":96,"column":5}},{"start":{},"end":{}}],"line":94},"9":{"loc":{"start":{"line":103,"column":4},"end":{"line":109,"column":5}},"type":"if","locations":[{"start":{"line":103,"column":4},"end":{"line":109,"column":5}},{"start":{},"end":{}}],"line":103},"10":{"loc":{"start":{"line":105,"column":6},"end":{"line":108,"column":7}},"type":"if","locations":[{"start":{"line":105,"column":6},"end":{"line":108,"column":7}},{"start":{},"end":{}}],"line":105},"11":{"loc":{"start":{"line":121,"column":4},"end":{"line":123,"column":5}},"type":"if","locations":[{"start":{"line":121,"column":4},"end":{"line":123,"column":5}},{"start":{},"end":{}}],"line":121},"12":{"loc":{"start":{"line":127,"column":4},"end":{"line":129,"column":5}},"type":"if","locations":[{"start":{"line":127,"column":4},"end":{"line":129,"column":5}},{"start":{},"end":{}}],"line":127},"13":{"loc":{"start":{"line":147,"column":4},"end":{"line":163,"column":5}},"type":"if","locations":[{"start":{"line":147,"column":4},"end":{"line":163,"column":5}},{"start":{"line":153,"column":11},"end":{"line":163,"column":5}}],"line":147},"14":{"loc":{"start":{"line":148,"column":6},"end":{"line":152,"column":7}},"type":"if","locations":[{"start":{"line":148,"column":6},"end":{"line":152,"column":7}},{"start":{"line":150,"column":13},"end":{"line":152,"column":7}}],"line":148},"15":{"loc":{"start":{"line":150,"column":13},"end":{"line":152,"column":7}},"type":"if","locations":[{"start":{"line":150,"column":13},"end":{"line":152,"column":7}},{"start":{},"end":{}}],"line":150},"16":{"loc":{"start":{"line":153,"column":11},"end":{"line":163,"column":5}},"type":"if","locations":[{"start":{"line":153,"column":11},"end":{"line":163,"column":5}},{"start":{"line":155,"column":11},"end":{"line":163,"column":5}}],"line":153},"17":{"loc":{"start":{"line":155,"column":11},"end":{"line":163,"column":5}},"type":"if","locations":[{"start":{"line":155,"column":11},"end":{"line":163,"column":5}},{"start":{"line":161,"column":11},"end":{"line":163,"column":5}}],"line":155},"18":{"loc":{"start":{"line":156,"column":6},"end":{"line":158,"column":36}},"type":"binary-expr","locations":[{"start":{"line":156,"column":6},"end":{"line":156,"column":36}},{"start":{"line":157,"column":6},"end":{"line":157,"column":34}},{"start":{"line":158,"column":6},"end":{"line":158,"column":36}}],"line":156},"19":{"loc":{"start":{"line":161,"column":11},"end":{"line":163,"column":5}},"type":"if","locations":[{"start":{"line":161,"column":11},"end":{"line":163,"column":5}},{"start":{},"end":{}}],"line":161},"20":{"loc":{"start":{"line":170,"column":4},"end":{"line":176,"column":5}},"type":"if","locations":[{"start":{"line":170,"column":4},"end":{"line":176,"column":5}},{"start":{},"end":{}}],"line":170},"21":{"loc":{"start":{"line":172,"column":6},"end":{"line":175,"column":7}},"type":"if","locations":[{"start":{"line":172,"column":6},"end":{"line":175,"column":7}},{"start":{},"end":{}}],"line":172}},"s":{"0":3,"1":3,"2":3,"3":3,"4":0,"5":0,"6":0,"7":0,"8":0,"9":0,"10":0,"11":0,"12":0,"13":0,"14":3,"15":0,"16":0,"17":0,"18":0,"19":0,"20":0,"21":0,"22":0,"23":0,"24":0,"25":0,"26":0,"27":0,"28":0,"29":0,"30":0,"31":0,"32":0,"33":0,"34":0,"35":0,"36":0,"37":0,"38":0,"39":0,"40":0,"41":0,"42":0,"43":0,"44":3,"45":0,"46":0,"47":0,"48":0,"49":0,"50":0,"51":0,"52":0,"53":0,"54":0,"55":0,"56":0,"57":0,"58":0,"59":0,"60":0,"61":0,"62":0,"63":0,"64":0,"65":0,"66":0,"67":0,"68":0,"69":0,"70":0,"71":0,"72":0,"73":0,"74":0,"75":0,"76":0,"77":0,"78":0,"79":3},"f":{"0":0,"1":0,"2":0},"b":{"0":[0,0,0],"1":[0,0],"2":[0,0],"3":[0,0],"4":[0,0],"5":[0,0],"6":[0,0],"7":[0,0,0],"8":[0,0],"9":[0,0],"10":[0,0],"11":[0,0],"12":[0,0],"13":[0,0],"14":[0,0],"15":[0,0],"16":[0,0],"17":[0,0],"18":[0,0,0],"19":[0,0],"20":[0,0],"21":[0,0]},"_coverageSchema":"1a1c01bbd47fc00a2c39e90264f33305004495a9","hash":"280017a425865a0f5b9675308d0feda7a99fc3fc"}
,"/Users/wahidnurhisyam/Icam project/IP-RMT68/server/controllers/resumeController.js": {"path":"/Users/wahidnurhisyam/Icam project/IP-RMT68/server/controllers/resumeController.js","statementMap":{"0":{"start":{"line":2,"column":12},"end":{"line":2,"column":37}},"1":{"start":{"line":3,"column":33},"end":{"line":3,"column":53}},"2":{"start":{"line":4,"column":26},"end":{"line":4,"column":58}},"3":{"start":{"line":5,"column":29},"end":{"line":5,"column":60}},"4":{"start":{"line":7,"column":16},"end":{"line":91,"column":1}},"5":{"start":{"line":8,"column":2},"end":{"line":90,"column":3}},"6":{"start":{"line":10,"column":17},"end":{"line":10,"column":49}},"7":{"start":{"line":11,"column":4},"end":{"line":15,"column":5}},"8":{"start":{"line":12,"column":6},"end":{"line":14,"column":9}},"9":{"start":{"line":18,"column":4},"end":{"line":20,"column":5}},"10":{"start":{"line":19,"column":6},"end":{"line":19,"column":67}},"11":{"start":{"line":22,"column":37},"end":{"line":22,"column":45}},"12":{"start":{"line":25,"column":21},"end":{"line":25,"column":23}},"13":{"start":{"line":26,"column":4},"end":{"line":42,"column":5}},"14":{"start":{"line":28,"column":19},"end":{"line":28,"column":36}},"15":{"start":{"line":29,"column":6},"end":{"line":29,"column":29}},"16":{"start":{"line":32,"column":6},"end":{"line":34,"column":7}},"17":{"start":{"line":33,"column":8},"end":{"line":33,"column":45}},"18":{"start":{"line":36,"column":6},"end":{"line":36,"column":54}},"19":{"start":{"line":37,"column":6},"end":{"line":41,"column":9}},"20":{"start":{"line":46,"column":18},"end":{"line":46,"column":22}},"21":{"start":{"line":47,"column":4},"end":{"line":55,"column":5}},"22":{"start":{"line":48,"column":27},"end":{"line":48,"column":71}},"23":{"start":{"line":49,"column":6},"end":{"line":49,"column":33}},"24":{"start":{"line":51,"column":6},"end":{"line":54,"column":8}},"25":{"start":{"line":58,"column":27},"end":{"line":58,"column":58}},"26":{"start":{"line":61,"column":27},"end":{"line":81,"column":6}},"27":{"start":{"line":83,"column":4},"end":{"line":83,"column":29}},"28":{"start":{"line":85,"column":4},"end":{"line":85,"column":51}},"29":{"start":{"line":86,"column":4},"end":{"line":89,"column":7}},"30":{"start":{"line":93,"column":0},"end":{"line":93,"column":29}}},"fnMap":{"0":{"name":"(anonymous_0)","decl":{"start":{"line":7,"column":16},"end":{"line":7,"column":17}},"loc":{"start":{"line":7,"column":36},"end":{"line":91,"column":1}},"line":7}},"branchMap":{"0":{"loc":{"start":{"line":11,"column":4},"end":{"line":15,"column":5}},"type":"if","locations":[{"start":{"line":11,"column":4},"end":{"line":15,"column":5}},{"start":{},"end":{}}],"line":11},"1":{"loc":{"start":{"line":18,"column":4},"end":{"line":20,"column":5}},"type":"if","locations":[{"start":{"line":18,"column":4},"end":{"line":20,"column":5}},{"start":{},"end":{}}],"line":18},"2":{"loc":{"start":{"line":32,"column":6},"end":{"line":34,"column":7}},"type":"if","locations":[{"start":{"line":32,"column":6},"end":{"line":34,"column":7}},{"start":{},"end":{}}],"line":32},"3":{"loc":{"start":{"line":32,"column":10},"end":{"line":32,"column":55}},"type":"binary-expr","locations":[{"start":{"line":32,"column":10},"end":{"line":32,"column":21}},{"start":{"line":32,"column":25},"end":{"line":32,"column":55}}],"line":32},"4":{"loc":{"start":{"line":65,"column":8},"end":{"line":67,"column":47}},"type":"cond-expr","locations":[{"start":{"line":66,"column":12},"end":{"line":66,"column":32}},{"start":{"line":67,"column":12},"end":{"line":67,"column":47}}],"line":65},"5":{"loc":{"start":{"line":67,"column":12},"end":{"line":67,"column":47}},"type":"binary-expr","locations":[{"start":{"line":67,"column":12},"end":{"line":67,"column":42}},{"start":{"line":67,"column":46},"end":{"line":67,"column":47}}],"line":67},"6":{"loc":{"start":{"line":69,"column":8},"end":{"line":71,"column":57}},"type":"cond-expr","locations":[{"start":{"line":70,"column":12},"end":{"line":70,"column":35}},{"start":{"line":71,"column":12},"end":{"line":71,"column":57}}],"line":69},"7":{"loc":{"start":{"line":71,"column":27},"end":{"line":71,"column":56}},"type":"binary-expr","locations":[{"start":{"line":71,"column":27},"end":{"line":71,"column":50}},{"start":{"line":71,"column":54},"end":{"line":71,"column":56}}],"line":71},"8":{"loc":{"start":{"line":73,"column":8},"end":{"line":75,"column":60}},"type":"cond-expr","locations":[{"start":{"line":74,"column":12},"end":{"line":74,"column":38}},{"start":{"line":75,"column":12},"end":{"line":75,"column":60}}],"line":73},"9":{"loc":{"start":{"line":75,"column":27},"end":{"line":75,"column":59}},"type":"binary-expr","locations":[{"start":{"line":75,"column":27},"end":{"line":75,"column":53}},{"start":{"line":75,"column":57},"end":{"line":75,"column":59}}],"line":75},"10":{"loc":{"start":{"line":77,"column":8},"end":{"line":79,"column":60}},"type":"cond-expr","locations":[{"start":{"line":78,"column":12},"end":{"line":78,"column":38}},{"start":{"line":79,"column":12},"end":{"line":79,"column":60}}],"line":77},"11":{"loc":{"start":{"line":79,"column":27},"end":{"line":79,"column":59}},"type":"binary-expr","locations":[{"start":{"line":79,"column":27},"end":{"line":79,"column":53}},{"start":{"line":79,"column":57},"end":{"line":79,"column":59}}],"line":79}},"s":{"0":3,"1":3,"2":3,"3":3,"4":3,"5":2,"6":2,"7":2,"8":0,"9":2,"10":1,"11":1,"12":1,"13":1,"14":1,"15":0,"16":0,"17":0,"18":1,"19":1,"20":0,"21":0,"22":0,"23":0,"24":0,"25":0,"26":0,"27":0,"28":0,"29":0,"30":3},"f":{"0":2},"b":{"0":[0,2],"1":[1,1],"2":[0,0],"3":[0,0],"4":[0,0],"5":[0,0],"6":[0,0],"7":[0,0],"8":[0,0],"9":[0,0],"10":[0,0],"11":[0,0]},"_coverageSchema":"1a1c01bbd47fc00a2c39e90264f33305004495a9","hash":"d10271a74f5b20414a24c3c50bf1e9ea25b1f150"}
,"/Users/wahidnurhisyam/Icam project/IP-RMT68/server/controllers/userController.js": {"path":"/Users/wahidnurhisyam/Icam project/IP-RMT68/server/controllers/userController.js","statementMap":{"0":{"start":{"line":1,"column":51},"end":{"line":1,"column":71}},"1":{"start":{"line":3,"column":19},"end":{"line":98,"column":1}},"2":{"start":{"line":4,"column":2},"end":{"line":97,"column":3}},"3":{"start":{"line":5,"column":17},"end":{"line":7,"column":6}},"4":{"start":{"line":9,"column":4},"end":{"line":11,"column":5}},"5":{"start":{"line":10,"column":6},"end":{"line":10,"column":65}},"6":{"start":{"line":14,"column":24},"end":{"line":16,"column":6}},"7":{"start":{"line":17,"column":27},"end":{"line":19,"column":6}},"8":{"start":{"line":20,"column":26},"end":{"line":20,"column":54}},"9":{"start":{"line":22,"column":15},"end":{"line":22,"column":23}},"10":{"start":{"line":23,"column":19},"end":{"line":23,"column":27}},"11":{"start":{"line":24,"column":19},"end":{"line":24,"column":45}},"12":{"start":{"line":26,"column":4},"end":{"line":30,"column":5}},"13":{"start":{"line":27,"column":6},"end":{"line":27,"column":22}},"14":{"start":{"line":28,"column":6},"end":{"line":28,"column":24}},"15":{"start":{"line":29,"column":6},"end":{"line":29,"column":51}},"16":{"start":{"line":31,"column":4},"end":{"line":35,"column":5}},"17":{"start":{"line":32,"column":6},"end":{"line":32,"column":20}},"18":{"start":{"line":33,"column":6},"end":{"line":33,"column":28}},"19":{"start":{"line":34,"column":6},"end":{"line":34,"column":51}},"20":{"start":{"line":36,"column":4},"end":{"line":40,"column":5}},"21":{"start":{"line":37,"column":6},"end":{"line":37,"column":24}},"22":{"start":{"line":38,"column":6},"end":{"line":38,"column":27}},"23":{"start":{"line":39,"column":6},"end":{"line":39,"column":53}},"24":{"start":{"line":41,"column":4},"end":{"line":45,"column":5}},"25":{"start":{"line":42,"column":6},"end":{"line":42,"column":23}},"26":{"start":{"line":43,"column":6},"end":{"line":43,"column":28}},"27":{"start":{"line":44,"column":6},"end":{"line":44,"column":53}},"28":{"start":{"line":46,"column":4},"end":{"line":50,"column":5}},"29":{"start":{"line":47,"column":6},"end":{"line":47,"column":24}},"30":{"start":{"line":48,"column":6},"end":{"line":48,"column":26}},"31":{"start":{"line":49,"column":6},"end":{"line":49,"column":53}},"32":{"start":{"line":51,"column":4},"end":{"line":55,"column":5}},"33":{"start":{"line":52,"column":6},"end":{"line":52,"column":22}},"34":{"start":{"line":53,"column":6},"end":{"line":53,"column":23}},"35":{"start":{"line":54,"column":6},"end":{"line":54,"column":53}},"36":{"start":{"line":56,"column":4},"end":{"line":60,"column":5}},"37":{"start":{"line":57,"column":6},"end":{"line":57,"column":19}},"38":{"start":{"line":58,"column":6},"end":{"line":58,"column":23}},"39":{"start":{"line":59,"column":6},"end":{"line":59,"column":21}},"40":{"start":{"line":63,"column":22},"end":{"line":65,"column":6}},"41":{"start":{"line":66,"column":25},"end":{"line":68,"column":6}},"42":{"start":{"line":71,"column":27},"end":{"line":71,"column":41}},"43":{"start":{"line":72,"column":30},"end":{"line":72,"column":47}},"44":{"start":{"line":77,"column":6},"end":{"line":79,"column":11}},"45":{"start":{"line":81,"column":4},"end":{"line":94,"column":7}},"46":{"start":{"line":96,"column":4},"end":{"line":96,"column":16}},"47":{"start":{"line":100,"column":19},"end":{"line":129,"column":1}},"48":{"start":{"line":101,"column":2},"end":{"line":128,"column":3}},"49":{"start":{"line":102,"column":20},"end":{"line":114,"column":6}},"50":{"start":{"line":116,"column":23},"end":{"line":120,"column":6}},"51":{"start":{"line":122,"column":4},"end":{"line":125,"column":7}},"52":{"start":{"line":127,"column":4},"end":{"line":127,"column":16}},"53":{"start":{"line":131,"column":0},"end":{"line":134,"column":2}}},"fnMap":{"0":{"name":"(anonymous_0)","decl":{"start":{"line":3,"column":19},"end":{"line":3,"column":20}},"loc":{"start":{"line":3,"column":45},"end":{"line":98,"column":1}},"line":3},"1":{"name":"(anonymous_1)","decl":{"start":{"line":100,"column":19},"end":{"line":100,"column":20}},"loc":{"start":{"line":100,"column":45},"end":{"line":129,"column":1}},"line":100}},"branchMap":{"0":{"loc":{"start":{"line":9,"column":4},"end":{"line":11,"column":5}},"type":"if","locations":[{"start":{"line":9,"column":4},"end":{"line":11,"column":5}},{"start":{},"end":{}}],"line":9},"1":{"loc":{"start":{"line":26,"column":4},"end":{"line":30,"column":5}},"type":"if","locations":[{"start":{"line":26,"column":4},"end":{"line":30,"column":5}},{"start":{},"end":{}}],"line":26},"2":{"loc":{"start":{"line":31,"column":4},"end":{"line":35,"column":5}},"type":"if","locations":[{"start":{"line":31,"column":4},"end":{"line":35,"column":5}},{"start":{},"end":{}}],"line":31},"3":{"loc":{"start":{"line":36,"column":4},"end":{"line":40,"column":5}},"type":"if","locations":[{"start":{"line":36,"column":4},"end":{"line":40,"column":5}},{"start":{},"end":{}}],"line":36},"4":{"loc":{"start":{"line":41,"column":4},"end":{"line":45,"column":5}},"type":"if","locations":[{"start":{"line":41,"column":4},"end":{"line":45,"column":5}},{"start":{},"end":{}}],"line":41},"5":{"loc":{"start":{"line":46,"column":4},"end":{"line":50,"column":5}},"type":"if","locations":[{"start":{"line":46,"column":4},"end":{"line":50,"column":5}},{"start":{},"end":{}}],"line":46},"6":{"loc":{"start":{"line":51,"column":4},"end":{"line":55,"column":5}},"type":"if","locations":[{"start":{"line":51,"column":4},"end":{"line":55,"column":5}},{"start":{},"end":{}}],"line":51},"7":{"loc":{"start":{"line":56,"column":4},"end":{"line":60,"column":5}},"type":"if","locations":[{"start":{"line":56,"column":4},"end":{"line":60,"column":5}},{"start":{},"end":{}}],"line":56},"8":{"loc":{"start":{"line":71,"column":27},"end":{"line":71,"column":41}},"type":"binary-expr","locations":[{"start":{"line":71,"column":27},"end":{"line":71,"column":36}},{"start":{"line":71,"column":40},"end":{"line":71,"column":41}}],"line":71},"9":{"loc":{"start":{"line":72,"column":30},"end":{"line":72,"column":47}},"type":"binary-expr","locations":[{"start":{"line":72,"column":30},"end":{"line":72,"column":42}},{"start":{"line":72,"column":46},"end":{"line":72,"column":47}}],"line":72},"10":{"loc":{"start":{"line":77,"column":6},"end":{"line":79,"column":11}},"type":"cond-expr","locations":[{"start":{"line":78,"column":10},"end":{"line":78,"column":74}},{"start":{"line":79,"column":10},"end":{"line":79,"column":11}}],"line":77}},"s":{"0":3,"1":3,"2":1,"3":1,"4":1,"5":0,"6":1,"7":1,"8":1,"9":1,"10":1,"11":1,"12":1,"13":0,"14":0,"15":0,"16":1,"17":0,"18":0,"19":0,"20":1,"21":0,"22":0,"23":0,"24":1,"25":0,"26":0,"27":0,"28":1,"29":0,"30":0,"31":0,"32":1,"33":0,"34":0,"35":0,"36":1,"37":0,"38":0,"39":0,"40":1,"41":1,"42":1,"43":1,"44":1,"45":1,"46":0,"47":3,"48":1,"49":1,"50":1,"51":1,"52":0,"53":3},"f":{"0":1,"1":1},"b":{"0":[0,1],"1":[0,1],"2":[0,1],"3":[0,1],"4":[0,1],"5":[0,1],"6":[0,1],"7":[0,1],"8":[1,1],"9":[1,1],"10":[0,1]},"_coverageSchema":"1a1c01bbd47fc00a2c39e90264f33305004495a9","hash":"381cb3c9a871f7080606aac7d98001263e0b31d8"}
,"/Users/wahidnurhisyam/Icam project/IP-RMT68/server/middlewares/auth.js": {"path":"/Users/wahidnurhisyam/Icam project/IP-RMT68/server/middlewares/auth.js","statementMap":{"0":{"start":{"line":1,"column":12},"end":{"line":1,"column":35}},"1":{"start":{"line":3,"column":26},"end":{"line":14,"column":1}},"2":{"start":{"line":4,"column":21},"end":{"line":4,"column":49}},"3":{"start":{"line":5,"column":16},"end":{"line":5,"column":54}},"4":{"start":{"line":7,"column":2},"end":{"line":7,"column":41}},"5":{"start":{"line":7,"column":14},"end":{"line":7,"column":41}},"6":{"start":{"line":9,"column":2},"end":{"line":13,"column":5}},"7":{"start":{"line":10,"column":4},"end":{"line":10,"column":40}},"8":{"start":{"line":10,"column":13},"end":{"line":10,"column":40}},"9":{"start":{"line":11,"column":4},"end":{"line":11,"column":20}},"10":{"start":{"line":12,"column":4},"end":{"line":12,"column":11}},"11":{"start":{"line":16,"column":0},"end":{"line":16,"column":35}}},"fnMap":{"0":{"name":"(anonymous_0)","decl":{"start":{"line":3,"column":26},"end":{"line":3,"column":27}},"loc":{"start":{"line":3,"column":46},"end":{"line":14,"column":1}},"line":3},"1":{"name":"(anonymous_1)","decl":{"start":{"line":9,"column":44},"end":{"line":9,"column":45}},"loc":{"start":{"line":9,"column":59},"end":{"line":13,"column":3}},"line":9}},"branchMap":{"0":{"loc":{"start":{"line":5,"column":16},"end":{"line":5,"column":54}},"type":"binary-expr","locations":[{"start":{"line":5,"column":16},"end":{"line":5,"column":26}},{"start":{"line":5,"column":30},"end":{"line":5,"column":54}}],"line":5},"1":{"loc":{"start":{"line":7,"column":2},"end":{"line":7,"column":41}},"type":"if","locations":[{"start":{"line":7,"column":2},"end":{"line":7,"column":41}},{"start":{},"end":{}}],"line":7},"2":{"loc":{"start":{"line":10,"column":4},"end":{"line":10,"column":40}},"type":"if","locations":[{"start":{"line":10,"column":4},"end":{"line":10,"column":40}},{"start":{},"end":{}}],"line":10}},"s":{"0":3,"1":3,"2":10,"3":10,"4":10,"5":3,"6":7,"7":7,"8":0,"9":7,"10":7,"11":3},"f":{"0":10,"1":7},"b":{"0":[10,7],"1":[3,7],"2":[0,7]},"_coverageSchema":"1a1c01bbd47fc00a2c39e90264f33305004495a9","hash":"d780a1109297a8b349f096ba3137390043420b75"}
,"/Users/wahidnurhisyam/Icam project/IP-RMT68/server/middlewares/errorHandler.js": {"path":"/Users/wahidnurhisyam/Icam project/IP-RMT68/server/middlewares/errorHandler.js","statementMap":{"0":{"start":{"line":1,"column":21},"end":{"line":32,"column":1}},"1":{"start":{"line":2,"column":2},"end":{"line":2,"column":27}},"2":{"start":{"line":4,"column":2},"end":{"line":9,"column":3}},"3":{"start":{"line":5,"column":4},"end":{"line":8,"column":7}},"4":{"start":{"line":7,"column":36},"end":{"line":7,"column":45}},"5":{"start":{"line":10,"column":2},"end":{"line":15,"column":3}},"6":{"start":{"line":11,"column":4},"end":{"line":14,"column":7}},"7":{"start":{"line":13,"column":36},"end":{"line":13,"column":45}},"8":{"start":{"line":17,"column":2},"end":{"line":19,"column":3}},"9":{"start":{"line":18,"column":4},"end":{"line":18,"column":62}},"10":{"start":{"line":21,"column":2},"end":{"line":23,"column":3}},"11":{"start":{"line":22,"column":4},"end":{"line":22,"column":62}},"12":{"start":{"line":24,"column":2},"end":{"line":26,"column":3}},"13":{"start":{"line":25,"column":4},"end":{"line":25,"column":71}},"14":{"start":{"line":28,"column":2},"end":{"line":31,"column":5}},"15":{"start":{"line":34,"column":0},"end":{"line":34,"column":30}}},"fnMap":{"0":{"name":"(anonymous_0)","decl":{"start":{"line":1,"column":21},"end":{"line":1,"column":22}},"loc":{"start":{"line":1,"column":46},"end":{"line":32,"column":1}},"line":1},"1":{"name":"(anonymous_1)","decl":{"start":{"line":7,"column":29},"end":{"line":7,"column":30}},"loc":{"start":{"line":7,"column":36},"end":{"line":7,"column":45}},"line":7},"2":{"name":"(anonymous_2)","decl":{"start":{"line":13,"column":29},"end":{"line":13,"column":30}},"loc":{"start":{"line":13,"column":36},"end":{"line":13,"column":45}},"line":13}},"branchMap":{"0":{"loc":{"start":{"line":4,"column":2},"end":{"line":9,"column":3}},"type":"if","locations":[{"start":{"line":4,"column":2},"end":{"line":9,"column":3}},{"start":{},"end":{}}],"line":4},"1":{"loc":{"start":{"line":10,"column":2},"end":{"line":15,"column":3}},"type":"if","locations":[{"start":{"line":10,"column":2},"end":{"line":15,"column":3}},{"start":{},"end":{}}],"line":10},"2":{"loc":{"start":{"line":17,"column":2},"end":{"line":19,"column":3}},"type":"if","locations":[{"start":{"line":17,"column":2},"end":{"line":19,"column":3}},{"start":{},"end":{}}],"line":17},"3":{"loc":{"start":{"line":21,"column":2},"end":{"line":23,"column":3}},"type":"if","locations":[{"start":{"line":21,"column":2},"end":{"line":23,"column":3}},{"start":{},"end":{}}],"line":21},"4":{"loc":{"start":{"line":24,"column":2},"end":{"line":26,"column":3}},"type":"if","locations":[{"start":{"line":24,"column":2},"end":{"line":26,"column":3}},{"start":{},"end":{}}],"line":24}},"s":{"0":3,"1":0,"2":0,"3":0,"4":0,"5":0,"6":0,"7":0,"8":0,"9":0,"10":0,"11":0,"12":0,"13":0,"14":0,"15":3},"f":{"0":0,"1":0,"2":0},"b":{"0":[0,0],"1":[0,0],"2":[0,0],"3":[0,0],"4":[0,0]},"_coverageSchema":"1a1c01bbd47fc00a2c39e90264f33305004495a9","hash":"fe4d751c12ae30d87fc62a39abc44b0a27b2ce47"}
,"/Users/wahidnurhisyam/Icam project/IP-RMT68/server/middlewares/validation.js": {"path":"/Users/wahidnurhisyam/Icam project/IP-RMT68/server/middlewares/validation.js","statementMap":{"0":{"start":{"line":1,"column":35},"end":{"line":1,"column":63}},"1":{"start":{"line":3,"column":25},"end":{"line":16,"column":1}},"2":{"start":{"line":10,"column":19},"end":{"line":10,"column":40}},"3":{"start":{"line":11,"column":4},"end":{"line":13,"column":5}},"4":{"start":{"line":12,"column":6},"end":{"line":12,"column":62}},"5":{"start":{"line":14,"column":4},"end":{"line":14,"column":11}},"6":{"start":{"line":18,"column":22},"end":{"line":28,"column":1}},"7":{"start":{"line":22,"column":19},"end":{"line":22,"column":40}},"8":{"start":{"line":23,"column":4},"end":{"line":25,"column":5}},"9":{"start":{"line":24,"column":6},"end":{"line":24,"column":62}},"10":{"start":{"line":26,"column":4},"end":{"line":26,"column":11}},"11":{"start":{"line":30,"column":31},"end":{"line":40,"column":1}},"12":{"start":{"line":34,"column":19},"end":{"line":34,"column":40}},"13":{"start":{"line":35,"column":4},"end":{"line":37,"column":5}},"14":{"start":{"line":36,"column":6},"end":{"line":36,"column":62}},"15":{"start":{"line":38,"column":4},"end":{"line":38,"column":11}},"16":{"start":{"line":42,"column":0},"end":{"line":46,"column":2}}},"fnMap":{"0":{"name":"(anonymous_0)","decl":{"start":{"line":9,"column":2},"end":{"line":9,"column":3}},"loc":{"start":{"line":9,"column":22},"end":{"line":15,"column":3}},"line":9},"1":{"name":"(anonymous_1)","decl":{"start":{"line":21,"column":2},"end":{"line":21,"column":3}},"loc":{"start":{"line":21,"column":22},"end":{"line":27,"column":3}},"line":21},"2":{"name":"(anonymous_2)","decl":{"start":{"line":33,"column":2},"end":{"line":33,"column":3}},"loc":{"start":{"line":33,"column":22},"end":{"line":39,"column":3}},"line":33}},"branchMap":{"0":{"loc":{"start":{"line":11,"column":4},"end":{"line":13,"column":5}},"type":"if","locations":[{"start":{"line":11,"column":4},"end":{"line":13,"column":5}},{"start":{},"end":{}}],"line":11},"1":{"loc":{"start":{"line":23,"column":4},"end":{"line":25,"column":5}},"type":"if","locations":[{"start":{"line":23,"column":4},"end":{"line":25,"column":5}},{"start":{},"end":{}}],"line":23},"2":{"loc":{"start":{"line":35,"column":4},"end":{"line":37,"column":5}},"type":"if","locations":[{"start":{"line":35,"column":4},"end":{"line":37,"column":5}},{"start":{},"end":{}}],"line":35}},"s":{"0":3,"1":3,"2":9,"3":9,"4":1,"5":8,"6":3,"7":14,"8":14,"9":0,"10":14,"11":3,"12":0,"13":0,"14":0,"15":0,"16":3},"f":{"0":9,"1":14,"2":0},"b":{"0":[1,8],"1":[0,14],"2":[0,0]},"_coverageSchema":"1a1c01bbd47fc00a2c39e90264f33305004495a9","hash":"aad696f0a2e9e8f12b886c6ae88fb218d70828af"}
,"/Users/wahidnurhisyam/Icam project/IP-RMT68/server/services/aiService.js": {"path":"/Users/wahidnurhisyam/Icam project/IP-RMT68/server/services/aiService.js","statementMap":{"0":{"start":{"line":1,"column":11},"end":{"line":1,"column":24}},"1":{"start":{"line":2,"column":13},"end":{"line":2,"column":28}},"2":{"start":{"line":3,"column":13},"end":{"line":3,"column":32}},"3":{"start":{"line":5,"column":11},"end":{"line":5,"column":15}},"4":{"start":{"line":7,"column":0},"end":{"line":9,"column":1}},"5":{"start":{"line":8,"column":2},"end":{"line":8,"column":56}},"6":{"start":{"line":12,"column":14},"end":{"line":12,"column":71}},"7":{"start":{"line":12,"column":22},"end":{"line":12,"column":71}},"8":{"start":{"line":12,"column":47},"end":{"line":12,"column":70}},"9":{"start":{"line":15,"column":18},"end":{"line":18,"column":1}},"10":{"start":{"line":16,"column":16},"end":{"line":16,"column":41}},"11":{"start":{"line":17,"column":2},"end":{"line":17,"column":33}},"12":{"start":{"line":20,"column":22},"end":{"line":232,"column":1}},"13":{"start":{"line":21,"column":2},"end":{"line":28,"column":3}},"14":{"start":{"line":22,"column":4},"end":{"line":27,"column":6}},"15":{"start":{"line":30,"column":2},"end":{"line":30,"column":63}},"16":{"start":{"line":30,"column":13},"end":{"line":30,"column":63}},"17":{"start":{"line":32,"column":2},"end":{"line":231,"column":3}},"18":{"start":{"line":33,"column":19},"end":{"line":180,"column":51}},"19":{"start":{"line":182,"column":23},"end":{"line":198,"column":6}},"20":{"start":{"line":200,"column":17},"end":{"line":200,"column":64}},"21":{"start":{"line":203,"column":4},"end":{"line":213,"column":5}},"22":{"start":{"line":204,"column":6},"end":{"line":204,"column":43}},"23":{"start":{"line":206,"column":6},"end":{"line":206,"column":58}},"24":{"start":{"line":207,"column":6},"end":{"line":212,"column":8}},"25":{"start":{"line":215,"column":4},"end":{"line":221,"column":6}},"26":{"start":{"line":223,"column":4},"end":{"line":223,"column":45}},"27":{"start":{"line":224,"column":4},"end":{"line":230,"column":6}},"28":{"start":{"line":234,"column":34},"end":{"line":384,"column":1}},"29":{"start":{"line":240,"column":2},"end":{"line":240,"column":69}},"30":{"start":{"line":240,"column":13},"end":{"line":240,"column":69}},"31":{"start":{"line":242,"column":28},"end":{"line":339,"column":78}},"32":{"start":{"line":341,"column":19},"end":{"line":350,"column":3}},"33":{"start":{"line":346,"column":33},"end":{"line":349,"column":5}},"34":{"start":{"line":352,"column":2},"end":{"line":383,"column":3}},"35":{"start":{"line":353,"column":23},"end":{"line":359,"column":6}},"36":{"start":{"line":361,"column":17},"end":{"line":361,"column":64}},"37":{"start":{"line":363,"column":4},"end":{"line":368,"column":5}},"38":{"start":{"line":364,"column":6},"end":{"line":364,"column":41}},"39":{"start":{"line":366,"column":6},"end":{"line":366,"column":63}},"40":{"start":{"line":367,"column":6},"end":{"line":367,"column":48}},"41":{"start":{"line":370,"column":4},"end":{"line":370,"column":48}},"42":{"start":{"line":372,"column":4},"end":{"line":377,"column":5}},"43":{"start":{"line":373,"column":6},"end":{"line":376,"column":8}},"44":{"start":{"line":379,"column":4},"end":{"line":382,"column":6}},"45":{"start":{"line":386,"column":26},"end":{"line":553,"column":1}},"46":{"start":{"line":387,"column":2},"end":{"line":387,"column":62}},"47":{"start":{"line":387,"column":13},"end":{"line":387,"column":62}},"48":{"start":{"line":389,"column":17},"end":{"line":520,"column":6}},"49":{"start":{"line":522,"column":2},"end":{"line":552,"column":3}},"50":{"start":{"line":523,"column":23},"end":{"line":539,"column":6}},"51":{"start":{"line":541,"column":17},"end":{"line":541,"column":64}},"52":{"start":{"line":542,"column":4},"end":{"line":542,"column":39}},"53":{"start":{"line":544,"column":4},"end":{"line":544,"column":40}},"54":{"start":{"line":545,"column":4},"end":{"line":551,"column":6}},"55":{"start":{"line":555,"column":0},"end":{"line":628,"column":2}},"56":{"start":{"line":566,"column":4},"end":{"line":568,"column":5}},"57":{"start":{"line":567,"column":6},"end":{"line":567,"column":46}},"58":{"start":{"line":569,"column":4},"end":{"line":571,"column":5}},"59":{"start":{"line":570,"column":6},"end":{"line":570,"column":50}},"60":{"start":{"line":573,"column":25},"end":{"line":580,"column":5}},"61":{"start":{"line":574,"column":6},"end":{"line":579,"column":9}},"62":{"start":{"line":582,"column":4},"end":{"line":626,"column":5}},"63":{"start":{"line":584,"column":18},"end":{"line":584,"column":79}},"64":{"start":{"line":585,"column":21},"end":{"line":585,"column":57}},"65":{"start":{"line":587,"column":6},"end":{"line":590,"column":7}},"66":{"start":{"line":588,"column":27},"end":{"line":588,"column":51}},"67":{"start":{"line":589,"column":8},"end":{"line":589,"column":56}},"68":{"start":{"line":591,"column":6},"end":{"line":591,"column":20}},"69":{"start":{"line":594,"column":18},"end":{"line":594,"column":60}},"70":{"start":{"line":596,"column":8},"end":{"line":600,"column":41}},"71":{"start":{"line":602,"column":6},"end":{"line":622,"column":7}},"72":{"start":{"line":603,"column":8},"end":{"line":605,"column":10}},"73":{"start":{"line":606,"column":8},"end":{"line":621,"column":9}},"74":{"start":{"line":608,"column":30},"end":{"line":611,"column":11}},"75":{"start":{"line":612,"column":25},"end":{"line":612,"column":69}},"76":{"start":{"line":613,"column":10},"end":{"line":616,"column":11}},"77":{"start":{"line":614,"column":31},"end":{"line":614,"column":55}},"78":{"start":{"line":615,"column":12},"end":{"line":615,"column":60}},"79":{"start":{"line":617,"column":10},"end":{"line":617,"column":24}},"80":{"start":{"line":619,"column":10},"end":{"line":619,"column":65}},"81":{"start":{"line":620,"column":10},"end":{"line":620,"column":76}},"82":{"start":{"line":624,"column":6},"end":{"line":624,"column":46}},"83":{"start":{"line":625,"column":6},"end":{"line":625,"column":63}}},"fnMap":{"0":{"name":"(anonymous_0)","decl":{"start":{"line":12,"column":14},"end":{"line":12,"column":15}},"loc":{"start":{"line":12,"column":22},"end":{"line":12,"column":71}},"line":12},"1":{"name":"(anonymous_1)","decl":{"start":{"line":12,"column":34},"end":{"line":12,"column":35}},"loc":{"start":{"line":12,"column":47},"end":{"line":12,"column":70}},"line":12},"2":{"name":"(anonymous_2)","decl":{"start":{"line":15,"column":18},"end":{"line":15,"column":19}},"loc":{"start":{"line":15,"column":28},"end":{"line":18,"column":1}},"line":15},"3":{"name":"(anonymous_3)","decl":{"start":{"line":20,"column":22},"end":{"line":20,"column":23}},"loc":{"start":{"line":20,"column":44},"end":{"line":232,"column":1}},"line":20},"4":{"name":"(anonymous_4)","decl":{"start":{"line":234,"column":34},"end":{"line":234,"column":35}},"loc":{"start":{"line":239,"column":5},"end":{"line":384,"column":1}},"line":239},"5":{"name":"(anonymous_5)","decl":{"start":{"line":346,"column":23},"end":{"line":346,"column":24}},"loc":{"start":{"line":346,"column":33},"end":{"line":349,"column":5}},"line":346},"6":{"name":"(anonymous_6)","decl":{"start":{"line":386,"column":26},"end":{"line":386,"column":27}},"loc":{"start":{"line":386,"column":77},"end":{"line":553,"column":1}},"line":386},"7":{"name":"(anonymous_7)","decl":{"start":{"line":565,"column":20},"end":{"line":565,"column":21}},"loc":{"start":{"line":565,"column":55},"end":{"line":627,"column":3}},"line":565},"8":{"name":"(anonymous_8)","decl":{"start":{"line":573,"column":25},"end":{"line":573,"column":26}},"loc":{"start":{"line":573,"column":49},"end":{"line":580,"column":5}},"line":573}},"branchMap":{"0":{"loc":{"start":{"line":7,"column":0},"end":{"line":9,"column":1}},"type":"if","locations":[{"start":{"line":7,"column":0},"end":{"line":9,"column":1}},{"start":{},"end":{}}],"line":7},"1":{"loc":{"start":{"line":17,"column":9},"end":{"line":17,"column":32}},"type":"cond-expr","locations":[{"start":{"line":17,"column":17},"end":{"line":17,"column":25}},{"start":{"line":17,"column":28},"end":{"line":17,"column":32}}],"line":17},"2":{"loc":{"start":{"line":21,"column":2},"end":{"line":28,"column":3}},"type":"if","locations":[{"start":{"line":21,"column":2},"end":{"line":28,"column":3}},{"start":{},"end":{}}],"line":21},"3":{"loc":{"start":{"line":30,"column":2},"end":{"line":30,"column":63}},"type":"if","locations":[{"start":{"line":30,"column":2},"end":{"line":30,"column":63}},{"start":{},"end":{}}],"line":30},"4":{"loc":{"start":{"line":200,"column":17},"end":{"line":200,"column":64}},"type":"binary-expr","locations":[{"start":{"line":200,"column":17},"end":{"line":200,"column":56}},{"start":{"line":200,"column":60},"end":{"line":200,"column":64}}],"line":200},"5":{"loc":{"start":{"line":216,"column":13},"end":{"line":216,"column":31}},"type":"binary-expr","locations":[{"start":{"line":216,"column":13},"end":{"line":216,"column":25}},{"start":{"line":216,"column":29},"end":{"line":216,"column":31}}],"line":216},"6":{"loc":{"start":{"line":217,"column":16},"end":{"line":217,"column":77}},"type":"binary-expr","locations":[{"start":{"line":217,"column":16},"end":{"line":217,"column":34}},{"start":{"line":217,"column":38},"end":{"line":217,"column":53}},{"start":{"line":217,"column":57},"end":{"line":217,"column":77}}],"line":217},"7":{"loc":{"start":{"line":219,"column":8},"end":{"line":219,"column":69}},"type":"binary-expr","locations":[{"start":{"line":219,"column":8},"end":{"line":219,"column":26}},{"start":{"line":219,"column":30},"end":{"line":219,"column":45}},{"start":{"line":219,"column":49},"end":{"line":219,"column":69}}],"line":219},"8":{"loc":{"start":{"line":220,"column":19},"end":{"line":220,"column":78}},"type":"binary-expr","locations":[{"start":{"line":220,"column":19},"end":{"line":220,"column":37}},{"start":{"line":220,"column":41},"end":{"line":220,"column":56}},{"start":{"line":220,"column":60},"end":{"line":220,"column":78}}],"line":220},"9":{"loc":{"start":{"line":240,"column":2},"end":{"line":240,"column":69}},"type":"if","locations":[{"start":{"line":240,"column":2},"end":{"line":240,"column":69}},{"start":{},"end":{}}],"line":240},"10":{"loc":{"start":{"line":282,"column":4},"end":{"line":282,"column":424}},"type":"cond-expr","locations":[{"start":{"line":282,"column":30},"end":{"line":282,"column":158}},{"start":{"line":282,"column":161},"end":{"line":282,"column":424}}],"line":282},"11":{"loc":{"start":{"line":282,"column":161},"end":{"line":282,"column":424}},"type":"cond-expr","locations":[{"start":{"line":282,"column":190},"end":{"line":282,"column":304}},{"start":{"line":282,"column":307},"end":{"line":282,"column":424}}],"line":282},"12":{"loc":{"start":{"line":347,"column":12},"end":{"line":347,"column":59}},"type":"cond-expr","locations":[{"start":{"line":347,"column":39},"end":{"line":347,"column":50}},{"start":{"line":347,"column":53},"end":{"line":347,"column":59}}],"line":347},"13":{"loc":{"start":{"line":361,"column":17},"end":{"line":361,"column":64}},"type":"binary-expr","locations":[{"start":{"line":361,"column":17},"end":{"line":361,"column":56}},{"start":{"line":361,"column":60},"end":{"line":361,"column":64}}],"line":361},"14":{"loc":{"start":{"line":372,"column":4},"end":{"line":377,"column":5}},"type":"if","locations":[{"start":{"line":372,"column":4},"end":{"line":377,"column":5}},{"start":{},"end":{}}],"line":372},"15":{"loc":{"start":{"line":372,"column":8},"end":{"line":372,"column":71}},"type":"binary-expr","locations":[{"start":{"line":372,"column":8},"end":{"line":372,"column":38}},{"start":{"line":372,"column":42},"end":{"line":372,"column":71}}],"line":372},"16":{"loc":{"start":{"line":386,"column":52},"end":{"line":386,"column":72}},"type":"default-arg","locations":[{"start":{"line":386,"column":63},"end":{"line":386,"column":72}}],"line":386},"17":{"loc":{"start":{"line":387,"column":2},"end":{"line":387,"column":62}},"type":"if","locations":[{"start":{"line":387,"column":2},"end":{"line":387,"column":62}},{"start":{},"end":{}}],"line":387},"18":{"loc":{"start":{"line":541,"column":17},"end":{"line":541,"column":64}},"type":"binary-expr","locations":[{"start":{"line":541,"column":17},"end":{"line":541,"column":56}},{"start":{"line":541,"column":60},"end":{"line":541,"column":64}}],"line":541},"19":{"loc":{"start":{"line":548,"column":8},"end":{"line":550,"column":49}},"type":"cond-expr","locations":[{"start":{"line":549,"column":12},"end":{"line":549,"column":65}},{"start":{"line":550,"column":12},"end":{"line":550,"column":49}}],"line":548},"20":{"loc":{"start":{"line":565,"column":33},"end":{"line":565,"column":50}},"type":"default-arg","locations":[{"start":{"line":565,"column":46},"end":{"line":565,"column":50}}],"line":565},"21":{"loc":{"start":{"line":566,"column":4},"end":{"line":568,"column":5}},"type":"if","locations":[{"start":{"line":566,"column":4},"end":{"line":568,"column":5}},{"start":{},"end":{}}],"line":566},"22":{"loc":{"start":{"line":569,"column":4},"end":{"line":571,"column":5}},"type":"if","locations":[{"start":{"line":569,"column":4},"end":{"line":571,"column":5}},{"start":{},"end":{}}],"line":569},"23":{"loc":{"start":{"line":569,"column":8},"end":{"line":569,"column":29}},"type":"binary-expr","locations":[{"start":{"line":569,"column":8},"end":{"line":569,"column":13}},{"start":{"line":569,"column":17},"end":{"line":569,"column":29}}],"line":569},"24":{"loc":{"start":{"line":587,"column":6},"end":{"line":590,"column":7}},"type":"if","locations":[{"start":{"line":587,"column":6},"end":{"line":590,"column":7}},{"start":{},"end":{}}],"line":587},"25":{"loc":{"start":{"line":594,"column":25},"end":{"line":594,"column":45}},"type":"binary-expr","locations":[{"start":{"line":594,"column":25},"end":{"line":594,"column":39}},{"start":{"line":594,"column":43},"end":{"line":594,"column":45}}],"line":594},"26":{"loc":{"start":{"line":596,"column":8},"end":{"line":600,"column":41}},"type":"binary-expr","locations":[{"start":{"line":596,"column":8},"end":{"line":596,"column":29}},{"start":{"line":597,"column":8},"end":{"line":597,"column":28}},{"start":{"line":598,"column":8},"end":{"line":598,"column":29}},{"start":{"line":599,"column":8},"end":{"line":599,"column":29}},{"start":{"line":600,"column":8},"end":{"line":600,"column":41}}],"line":596},"27":{"loc":{"start":{"line":602,"column":6},"end":{"line":622,"column":7}},"type":"if","locations":[{"start":{"line":602,"column":6},"end":{"line":622,"column":7}},{"start":{},"end":{}}],"line":602},"28":{"loc":{"start":{"line":613,"column":10},"end":{"line":616,"column":11}},"type":"if","locations":[{"start":{"line":613,"column":10},"end":{"line":616,"column":11}},{"start":{},"end":{}}],"line":613}},"s":{"0":3,"1":3,"2":3,"3":3,"4":3,"5":3,"6":3,"7":0,"8":0,"9":3,"10":0,"11":0,"12":3,"13":0,"14":0,"15":0,"16":0,"17":0,"18":0,"19":0,"20":0,"21":0,"22":0,"23":0,"24":0,"25":0,"26":0,"27":0,"28":3,"29":0,"30":0,"31":0,"32":0,"33":0,"34":0,"35":0,"36":0,"37":0,"38":0,"39":0,"40":0,"41":0,"42":0,"43":0,"44":0,"45":3,"46":0,"47":0,"48":0,"49":0,"50":0,"51":0,"52":0,"53":0,"54":0,"55":3,"56":0,"57":0,"58":0,"59":0,"60":0,"61":0,"62":0,"63":0,"64":0,"65":0,"66":0,"67":0,"68":0,"69":0,"70":0,"71":0,"72":0,"73":0,"74":0,"75":0,"76":0,"77":0,"78":0,"79":0,"80":0,"81":0,"82":0,"83":0},"f":{"0":0,"1":0,"2":0,"3":0,"4":0,"5":0,"6":0,"7":0,"8":0},"b":{"0":[3,0],"1":[0,0],"2":[0,0],"3":[0,0],"4":[0,0],"5":[0,0],"6":[0,0,0],"7":[0,0,0],"8":[0,0,0],"9":[0,0],"10":[0,0],"11":[0,0],"12":[0,0],"13":[0,0],"14":[0,0],"15":[0,0],"16":[0],"17":[0,0],"18":[0,0],"19":[0,0],"20":[0],"21":[0,0],"22":[0,0],"23":[0,0],"24":[0,0],"25":[0,0],"26":[0,0,0,0,0],"27":[0,0],"28":[0,0]},"_coverageSchema":"1a1c01bbd47fc00a2c39e90264f33305004495a9","hash":"ff8794470a6c8452ca37a9f9dc8ef195f639e1e7"}
}
