TN:
SF:controllers/authController.js
FN:5,(anonymous_0)
FN:43,(anonymous_1)
FNF:2
FNH:2
FNDA:8,(anonymous_0)
FNDA:14,(anonymous_1)
DA:1,3
DA:2,3
DA:3,3
DA:5,3
DA:6,8
DA:7,8
DA:9,8
DA:10,8
DA:11,1
DA:15,7
DA:21,7
DA:27,7
DA:38,0
DA:39,0
DA:43,3
DA:44,14
DA:45,14
DA:47,14
DA:48,14
DA:49,1
DA:53,13
DA:54,1
DA:57,12
DA:63,12
DA:74,0
DA:75,0
DA:79,3
LF:27
LH:23
BRDA:10,0,0,1
BRDA:10,0,1,7
BRDA:48,1,0,1
BRDA:48,1,1,13
BRDA:53,2,0,1
BRDA:53,2,1,12
BRF:6
BRH:6
end_of_record
TN:
SF:controllers/interviewController.js
FN:7,(anonymous_0)
FN:40,(anonymous_1)
FN:96,(anonymous_2)
FN:116,(anonymous_3)
FN:150,(anonymous_4)
FNF:5
FNH:2
FNDA:2,(anonymous_0)
FNDA:0,(anonymous_1)
FNDA:0,(anonymous_2)
FNDA:1,(anonymous_3)
FNDA:0,(anonymous_4)
DA:1,3
DA:5,3
DA:7,3
DA:8,2
DA:9,2
DA:10,2
DA:12,2
DA:13,0
DA:16,0
DA:17,0
DA:24,2
DA:25,2
DA:33,2
DA:35,0
DA:36,0
DA:40,3
DA:41,0
DA:42,0
DA:44,0
DA:45,0
DA:48,0
DA:50,0
DA:51,0
DA:54,0
DA:55,0
DA:58,0
DA:61,0
DA:64,0
DA:72,0
DA:76,0
DA:83,0
DA:84,0
DA:86,0
DA:91,0
DA:92,0
DA:96,3
DA:97,0
DA:98,0
DA:99,0
DA:101,0
DA:102,0
DA:105,0
DA:106,0
DA:109,0
DA:111,0
DA:112,0
DA:116,3
DA:117,1
DA:118,1
DA:119,1
DA:121,1
DA:122,1
DA:125,0
DA:126,0
DA:130,0
DA:133,0
DA:138,0
DA:146,0
DA:150,0
DA:151,0
DA:153,0
DA:154,0
DA:155,0
DA:156,0
DA:157,0
DA:159,0
DA:161,0
DA:162,0
DA:166,3
LF:69
LH:19
BRDA:12,0,0,0
BRDA:12,0,1,2
BRDA:16,1,0,0
BRDA:16,1,1,0
BRDA:27,2,0,2
BRDA:27,2,1,0
BRDA:28,3,0,2
BRDA:28,3,1,0
BRDA:29,4,0,2
BRDA:29,4,1,0
BRDA:44,5,0,0
BRDA:44,5,1,0
BRDA:44,6,0,0
BRDA:44,6,1,0
BRDA:50,7,0,0
BRDA:50,7,1,0
BRDA:54,8,0,0
BRDA:54,8,1,0
BRDA:72,9,0,0
BRDA:72,9,1,0
BRDA:101,10,0,0
BRDA:101,10,1,0
BRDA:105,11,0,0
BRDA:105,11,1,0
BRDA:121,12,0,1
BRDA:121,12,1,0
BRDA:125,13,0,0
BRDA:125,13,1,0
BRDA:146,14,0,0
BRDA:146,14,1,0
BRDA:148,15,0,0
BRDA:148,15,1,0
BRDA:151,16,0,0
BRDA:151,16,1,0
BRDA:151,17,0,0
BRDA:151,17,1,0
BRF:36
BRH:5
end_of_record
TN:
SF:controllers/paymentController.js
FN:10,(anonymous_0)
FN:65,(anonymous_1)
FN:118,(anonymous_2)
FNF:3
FNH:0
FNDA:0,(anonymous_0)
FNDA:0,(anonymous_1)
FNDA:0,(anonymous_2)
DA:1,3
DA:2,3
DA:4,3
DA:10,3
DA:11,0
DA:12,0
DA:13,0
DA:16,0
DA:17,0
DA:19,0
DA:46,0
DA:48,0
DA:56,0
DA:61,0
DA:65,3
DA:66,0
DA:67,0
DA:68,0
DA:69,0
DA:71,0
DA:73,0
DA:75,0
DA:76,0
DA:78,0
DA:80,0
DA:81,0
DA:82,0
DA:83,0
DA:84,0
DA:86,0
DA:87,0
DA:88,0
DA:93,0
DA:94,0
DA:95,0
DA:99,0
DA:100,0
DA:103,0
DA:104,0
DA:105,0
DA:106,0
DA:107,0
DA:111,0
DA:113,0
DA:118,3
DA:119,0
DA:120,0
DA:121,0
DA:122,0
DA:126,0
DA:127,0
DA:128,0
DA:133,0
DA:134,0
DA:136,0
DA:137,0
DA:142,0
DA:143,0
DA:145,0
DA:147,0
DA:148,0
DA:149,0
DA:150,0
DA:151,0
DA:153,0
DA:154,0
DA:155,0
DA:160,0
DA:161,0
DA:162,0
DA:166,0
DA:167,0
DA:170,0
DA:171,0
DA:172,0
DA:173,0
DA:174,0
DA:178,0
DA:180,0
DA:184,3
LF:80
LH:7
BRDA:25,0,0,0
BRDA:25,0,1,0
BRDA:25,0,2,0
BRDA:75,1,0,0
BRDA:75,1,1,0
BRDA:80,2,0,0
BRDA:80,2,1,0
BRDA:81,3,0,0
BRDA:81,3,1,0
BRDA:83,4,0,0
BRDA:83,4,1,0
BRDA:86,5,0,0
BRDA:86,5,1,0
BRDA:88,6,0,0
BRDA:88,6,1,0
BRDA:89,7,0,0
BRDA:89,7,1,0
BRDA:89,7,2,0
BRDA:94,8,0,0
BRDA:94,8,1,0
BRDA:103,9,0,0
BRDA:103,9,1,0
BRDA:105,10,0,0
BRDA:105,10,1,0
BRDA:121,11,0,0
BRDA:121,11,1,0
BRDA:127,12,0,0
BRDA:127,12,1,0
BRDA:147,13,0,0
BRDA:147,13,1,0
BRDA:148,14,0,0
BRDA:148,14,1,0
BRDA:150,15,0,0
BRDA:150,15,1,0
BRDA:153,16,0,0
BRDA:153,16,1,0
BRDA:155,17,0,0
BRDA:155,17,1,0
BRDA:156,18,0,0
BRDA:156,18,1,0
BRDA:156,18,2,0
BRDA:161,19,0,0
BRDA:161,19,1,0
BRDA:170,20,0,0
BRDA:170,20,1,0
BRDA:172,21,0,0
BRDA:172,21,1,0
BRF:47
BRH:0
end_of_record
TN:
SF:controllers/resumeController.js
FN:7,(anonymous_0)
FNF:1
FNH:1
FNDA:2,(anonymous_0)
DA:2,3
DA:3,3
DA:4,3
DA:5,3
DA:7,3
DA:8,2
DA:10,2
DA:11,2
DA:12,0
DA:18,2
DA:19,1
DA:22,1
DA:25,1
DA:26,1
DA:28,1
DA:29,0
DA:32,0
DA:33,0
DA:36,1
DA:37,1
DA:46,0
DA:47,0
DA:48,0
DA:49,0
DA:51,0
DA:58,0
DA:61,0
DA:83,0
DA:85,0
DA:86,0
DA:93,3
LF:31
LH:17
BRDA:11,0,0,0
BRDA:11,0,1,2
BRDA:18,1,0,1
BRDA:18,1,1,1
BRDA:32,2,0,0
BRDA:32,2,1,0
BRDA:32,3,0,0
BRDA:32,3,1,0
BRDA:65,4,0,0
BRDA:65,4,1,0
BRDA:67,5,0,0
BRDA:67,5,1,0
BRDA:69,6,0,0
BRDA:69,6,1,0
BRDA:71,7,0,0
BRDA:71,7,1,0
BRDA:73,8,0,0
BRDA:73,8,1,0
BRDA:75,9,0,0
BRDA:75,9,1,0
BRDA:77,10,0,0
BRDA:77,10,1,0
BRDA:79,11,0,0
BRDA:79,11,1,0
BRF:24
BRH:3
end_of_record
TN:
SF:controllers/userController.js
FN:3,(anonymous_0)
FN:100,(anonymous_1)
FNF:2
FNH:2
FNDA:1,(anonymous_0)
FNDA:1,(anonymous_1)
DA:1,3
DA:3,3
DA:4,1
DA:5,1
DA:9,1
DA:10,0
DA:14,1
DA:17,1
DA:20,1
DA:22,1
DA:23,1
DA:24,1
DA:26,1
DA:27,0
DA:28,0
DA:29,0
DA:31,1
DA:32,0
DA:33,0
DA:34,0
DA:36,1
DA:37,0
DA:38,0
DA:39,0
DA:41,1
DA:42,0
DA:43,0
DA:44,0
DA:46,1
DA:47,0
DA:48,0
DA:49,0
DA:51,1
DA:52,0
DA:53,0
DA:54,0
DA:56,1
DA:57,0
DA:58,0
DA:59,0
DA:63,1
DA:66,1
DA:71,1
DA:72,1
DA:77,1
DA:81,1
DA:96,0
DA:100,3
DA:101,1
DA:102,1
DA:116,1
DA:122,1
DA:127,0
DA:131,3
LF:54
LH:30
BRDA:9,0,0,0
BRDA:9,0,1,1
BRDA:26,1,0,0
BRDA:26,1,1,1
BRDA:31,2,0,0
BRDA:31,2,1,1
BRDA:36,3,0,0
BRDA:36,3,1,1
BRDA:41,4,0,0
BRDA:41,4,1,1
BRDA:46,5,0,0
BRDA:46,5,1,1
BRDA:51,6,0,0
BRDA:51,6,1,1
BRDA:56,7,0,0
BRDA:56,7,1,1
BRDA:71,8,0,1
BRDA:71,8,1,1
BRDA:72,9,0,1
BRDA:72,9,1,1
BRDA:77,10,0,0
BRDA:77,10,1,1
BRF:22
BRH:13
end_of_record
TN:
SF:middlewares/auth.js
FN:3,(anonymous_0)
FN:9,(anonymous_1)
FNF:2
FNH:2
FNDA:10,(anonymous_0)
FNDA:7,(anonymous_1)
DA:1,3
DA:3,3
DA:4,10
DA:5,10
DA:7,10
DA:9,7
DA:10,7
DA:11,7
DA:12,7
DA:16,3
LF:10
LH:10
BRDA:5,0,0,10
BRDA:5,0,1,7
BRDA:7,1,0,3
BRDA:7,1,1,7
BRDA:10,2,0,0
BRDA:10,2,1,7
BRF:6
BRH:5
end_of_record
TN:
SF:middlewares/errorHandler.js
FN:1,(anonymous_0)
FN:7,(anonymous_1)
FN:13,(anonymous_2)
FNF:3
FNH:0
FNDA:0,(anonymous_0)
FNDA:0,(anonymous_1)
FNDA:0,(anonymous_2)
DA:1,3
DA:2,0
DA:4,0
DA:5,0
DA:7,0
DA:10,0
DA:11,0
DA:13,0
DA:17,0
DA:18,0
DA:21,0
DA:22,0
DA:24,0
DA:25,0
DA:28,0
DA:34,3
LF:16
LH:2
BRDA:4,0,0,0
BRDA:4,0,1,0
BRDA:10,1,0,0
BRDA:10,1,1,0
BRDA:17,2,0,0
BRDA:17,2,1,0
BRDA:21,3,0,0
BRDA:21,3,1,0
BRDA:24,4,0,0
BRDA:24,4,1,0
BRF:10
BRH:0
end_of_record
TN:
SF:middlewares/validation.js
FN:9,(anonymous_0)
FN:21,(anonymous_1)
FN:33,(anonymous_2)
FNF:3
FNH:2
FNDA:9,(anonymous_0)
FNDA:14,(anonymous_1)
FNDA:0,(anonymous_2)
DA:1,3
DA:3,3
DA:10,9
DA:11,9
DA:12,1
DA:14,8
DA:18,3
DA:22,14
DA:23,14
DA:24,0
DA:26,14
DA:30,3
DA:34,0
DA:35,0
DA:36,0
DA:38,0
DA:42,3
LF:17
LH:12
BRDA:11,0,0,1
BRDA:11,0,1,8
BRDA:23,1,0,0
BRDA:23,1,1,14
BRDA:35,2,0,0
BRDA:35,2,1,0
BRF:6
BRH:3
end_of_record
TN:
SF:services/aiService.js
FN:12,(anonymous_0)
FN:12,(anonymous_1)
FN:15,(anonymous_2)
FN:20,(anonymous_3)
FN:234,(anonymous_4)
FN:346,(anonymous_5)
FN:386,(anonymous_6)
FN:565,(anonymous_7)
FN:573,(anonymous_8)
FNF:9
FNH:0
FNDA:0,(anonymous_0)
FNDA:0,(anonymous_1)
FNDA:0,(anonymous_2)
FNDA:0,(anonymous_3)
FNDA:0,(anonymous_4)
FNDA:0,(anonymous_5)
FNDA:0,(anonymous_6)
FNDA:0,(anonymous_7)
FNDA:0,(anonymous_8)
DA:1,3
DA:2,3
DA:3,3
DA:5,3
DA:7,3
DA:8,3
DA:12,3
DA:15,3
DA:16,0
DA:17,0
DA:20,3
DA:21,0
DA:22,0
DA:30,0
DA:32,0
DA:33,0
DA:182,0
DA:200,0
DA:203,0
DA:204,0
DA:206,0
DA:207,0
DA:215,0
DA:223,0
DA:224,0
DA:234,3
DA:240,0
DA:242,0
DA:341,0
DA:346,0
DA:352,0
DA:353,0
DA:361,0
DA:363,0
DA:364,0
DA:366,0
DA:367,0
DA:370,0
DA:372,0
DA:373,0
DA:379,0
DA:386,3
DA:387,0
DA:389,0
DA:522,0
DA:523,0
DA:541,0
DA:542,0
DA:544,0
DA:545,0
DA:555,3
DA:566,0
DA:567,0
DA:569,0
DA:570,0
DA:573,0
DA:574,0
DA:582,0
DA:584,0
DA:585,0
DA:587,0
DA:588,0
DA:589,0
DA:591,0
DA:594,0
DA:596,0
DA:602,0
DA:603,0
DA:606,0
DA:608,0
DA:612,0
DA:613,0
DA:614,0
DA:615,0
DA:617,0
DA:619,0
DA:620,0
DA:624,0
DA:625,0
LF:79
LH:12
BRDA:7,0,0,3
BRDA:7,0,1,0
BRDA:17,1,0,0
BRDA:17,1,1,0
BRDA:21,2,0,0
BRDA:21,2,1,0
BRDA:30,3,0,0
BRDA:30,3,1,0
BRDA:200,4,0,0
BRDA:200,4,1,0
BRDA:216,5,0,0
BRDA:216,5,1,0
BRDA:217,6,0,0
BRDA:217,6,1,0
BRDA:217,6,2,0
BRDA:219,7,0,0
BRDA:219,7,1,0
BRDA:219,7,2,0
BRDA:220,8,0,0
BRDA:220,8,1,0
BRDA:220,8,2,0
BRDA:240,9,0,0
BRDA:240,9,1,0
BRDA:282,10,0,0
BRDA:282,10,1,0
BRDA:282,11,0,0
BRDA:282,11,1,0
BRDA:347,12,0,0
BRDA:347,12,1,0
BRDA:361,13,0,0
BRDA:361,13,1,0
BRDA:372,14,0,0
BRDA:372,14,1,0
BRDA:372,15,0,0
BRDA:372,15,1,0
BRDA:386,16,0,0
BRDA:387,17,0,0
BRDA:387,17,1,0
BRDA:541,18,0,0
BRDA:541,18,1,0
BRDA:548,19,0,0
BRDA:548,19,1,0
BRDA:565,20,0,0
BRDA:566,21,0,0
BRDA:566,21,1,0
BRDA:569,22,0,0
BRDA:569,22,1,0
BRDA:569,23,0,0
BRDA:569,23,1,0
BRDA:587,24,0,0
BRDA:587,24,1,0
BRDA:594,25,0,0
BRDA:594,25,1,0
BRDA:596,26,0,0
BRDA:596,26,1,0
BRDA:596,26,2,0
BRDA:596,26,3,0
BRDA:596,26,4,0
BRDA:602,27,0,0
BRDA:602,27,1,0
BRDA:613,28,0,0
BRDA:613,28,1,0
BRF:62
BRH:1
end_of_record
